[NX Daemon Server] - 2024-06-12T20:54:12.329Z - Started listening on: /var/folders/3x/66fpdpn51y1bj2vf1zx782980000gn/T/bf823a94047139d5a1f2/d.sock
[NX Daemon Server] - 2024-06-12T20:54:12.332Z - [WATCHER]: Subscribed to changes within: /Users/baskint/src/crispr_cas9
[NX Daemon Server] - 2024-06-12T20:54:12.340Z - Established a connection. Number of open connections: 1
[NX Daemon Server] - 2024-06-12T20:54:12.340Z - Established a connection. Number of open connections: 2
[NX Daemon Server] - 2024-06-12T20:54:12.341Z - Closed a connection. Number of open connections: 1
[NX Daemon Server] - 2024-06-12T20:54:12.343Z - [REQUEST]: Client Request for Project Graph Received
[NX Daemon Server] - 2024-06-12T20:54:12.392Z - [REQUEST]: Updated file-hasher based on watched changes, recomputing project graph...
[NX Daemon Server] - 2024-06-12T20:54:12.843Z - [REQUEST]: Responding to the client. project-graph
[NX Daemon Server] - 2024-06-12T20:54:12.844Z - Time taken for 'total for creating and serializing project graph' 500.403375ms
[NX Daemon Server] - 2024-06-12T20:54:12.846Z - [WATCHER]: .nx/cache/lockfile.hash was modified
[NX Daemon Server] - 2024-06-12T20:54:12.848Z - Done responding to the client project-graph
[NX Daemon Server] - 2024-06-12T20:54:12.909Z - [WATCHER]: 1 file(s) created or restored, 0 file(s) modified, 1 file(s) deleted
[NX Daemon Server] - 2024-06-12T20:54:12.950Z - [REQUEST]: Updated file-hasher based on watched changes, recomputing project graph...
[NX Daemon Server] - 2024-06-12T20:54:12.959Z - Time taken for 'hash changed files from watcher' 0.41862500000002ms
[NX Daemon Server] - 2024-06-12T20:54:13.031Z - [WATCHER]: 1 file(s) created or restored, 1 file(s) modified, 1 file(s) deleted
[NX Daemon Server] - 2024-06-12T20:54:13.096Z - [WATCHER]: .nx/cache/terminalOutputs/9f725c445cdbccb3209f6629fc320986912db2d79495e569d10ca734bfc6a9fd was created or restored
[NX Daemon Server] - 2024-06-12T20:54:13.137Z - [REQUEST]: Updated file-hasher based on watched changes, recomputing project graph...
[NX Daemon Server] - 2024-06-12T20:54:13.145Z - Time taken for 'hash changed files from watcher' 1.850041000000033ms
[NX Daemon Server] - 2024-06-12T20:54:13.216Z - [WATCHER]: 1 file(s) created or restored, 1 file(s) modified, 1 file(s) deleted
[NX Daemon Server] - 2024-06-12T20:54:13.319Z - [REQUEST]: Updated file-hasher based on watched changes, recomputing project graph...
[NX Daemon Server] - 2024-06-12T20:54:13.328Z - Time taken for 'hash changed files from watcher' 0.36229100000014114ms
[NX Daemon Server] - 2024-06-12T20:54:13.412Z - [WATCHER]: 1 file(s) created or restored, 1 file(s) modified, 1 file(s) deleted
[NX Daemon Server] - 2024-06-12T20:54:13.516Z - [REQUEST]: Updated file-hasher based on watched changes, recomputing project graph...
[NX Daemon Server] - 2024-06-12T20:54:13.525Z - Time taken for 'hash changed files from watcher' 0.37175000000002ms
[NX Daemon Server] - 2024-06-12T20:54:13.586Z - [WATCHER]: 1 file(s) created or restored, 1 file(s) modified, 1 file(s) deleted
[NX Daemon Server] - 2024-06-12T20:54:13.690Z - [REQUEST]: Updated file-hasher based on watched changes, recomputing project graph...
[NX Daemon Server] - 2024-06-12T20:54:13.698Z - Time taken for 'hash changed files from watcher' 0.3196250000000873ms
[NX Daemon Server] - 2024-06-12T20:54:13.771Z - [WATCHER]: 1 file(s) created or restored, 1 file(s) modified, 1 file(s) deleted
[NX Daemon Server] - 2024-06-12T20:54:13.874Z - [REQUEST]: Updated file-hasher based on watched changes, recomputing project graph...
[NX Daemon Server] - 2024-06-12T20:54:13.882Z - Time taken for 'hash changed files from watcher' 0.38599999999996726ms
[NX Daemon Server] - 2024-06-12T20:54:13.954Z - [WATCHER]: 1 file(s) created or restored, 1 file(s) modified, 1 file(s) deleted
[NX Daemon Server] - 2024-06-12T20:54:14.057Z - [REQUEST]: Updated file-hasher based on watched changes, recomputing project graph...
[NX Daemon Server] - 2024-06-12T20:54:14.065Z - Time taken for 'hash changed files from watcher' 0.35762499999987085ms
[NX Daemon Server] - 2024-06-12T20:54:14.138Z - [WATCHER]: 1 file(s) created or restored, 1 file(s) modified, 1 file(s) deleted
[NX Daemon Server] - 2024-06-12T20:54:14.241Z - [REQUEST]: Updated file-hasher based on watched changes, recomputing project graph...
[NX Daemon Server] - 2024-06-12T20:54:14.249Z - Time taken for 'hash changed files from watcher' 0.3224169999998594ms
[NX Daemon Server] - 2024-06-12T20:54:14.323Z - [WATCHER]: 1 file(s) created or restored, 1 file(s) modified, 1 file(s) deleted
[NX Daemon Server] - 2024-06-12T20:54:14.429Z - [REQUEST]: Updated file-hasher based on watched changes, recomputing project graph...
[NX Daemon Server] - 2024-06-12T20:54:14.441Z - Time taken for 'hash changed files from watcher' 0.8013329999998859ms
[NX Daemon Server] - 2024-06-12T20:54:14.504Z - [WATCHER]: 1 file(s) created or restored, 1 file(s) modified, 1 file(s) deleted
[NX Daemon Server] - 2024-06-12T20:54:14.606Z - [REQUEST]: Updated file-hasher based on watched changes, recomputing project graph...
[NX Daemon Server] - 2024-06-12T20:54:14.615Z - Time taken for 'hash changed files from watcher' 0.45483299999978044ms
[NX Daemon Server] - 2024-06-12T20:54:14.694Z - [WATCHER]: 1 file(s) created or restored, 1 file(s) modified, 1 file(s) deleted
[NX Daemon Server] - 2024-06-12T20:54:14.804Z - [REQUEST]: Updated file-hasher based on watched changes, recomputing project graph...
[NX Daemon Server] - 2024-06-12T20:54:14.826Z - Time taken for 'hash changed files from watcher' 0.8100420000000668ms
[NX Daemon Server] - 2024-06-12T20:54:14.890Z - [WATCHER]: 1 file(s) created or restored, 1 file(s) modified, 1 file(s) deleted
[NX Daemon Server] - 2024-06-12T20:54:14.993Z - [REQUEST]: Updated file-hasher based on watched changes, recomputing project graph...
[NX Daemon Server] - 2024-06-12T20:54:15.004Z - Time taken for 'hash changed files from watcher' 0.47041699999999764ms
[NX Daemon Server] - 2024-06-12T20:54:15.074Z - [WATCHER]: 1 file(s) created or restored, 1 file(s) modified, 1 file(s) deleted
[NX Daemon Server] - 2024-06-12T20:54:15.178Z - [REQUEST]: Updated file-hasher based on watched changes, recomputing project graph...
[NX Daemon Server] - 2024-06-12T20:54:15.187Z - Time taken for 'hash changed files from watcher' 0.4734579999999369ms
[NX Daemon Server] - 2024-06-12T20:54:15.261Z - [WATCHER]: 1 file(s) created or restored, 1 file(s) modified, 1 file(s) deleted
[NX Daemon Server] - 2024-06-12T20:54:15.365Z - [REQUEST]: Updated file-hasher based on watched changes, recomputing project graph...
[NX Daemon Server] - 2024-06-12T20:54:15.375Z - Time taken for 'hash changed files from watcher' 0.7433750000000146ms
[NX Daemon Server] - 2024-06-12T20:54:15.442Z - [WATCHER]: 1 file(s) created or restored, 1 file(s) modified, 1 file(s) deleted
[NX Daemon Server] - 2024-06-12T20:54:15.546Z - [REQUEST]: Updated file-hasher based on watched changes, recomputing project graph...
[NX Daemon Server] - 2024-06-12T20:54:15.562Z - Time taken for 'hash changed files from watcher' 0.5022909999997864ms
[NX Daemon Server] - 2024-06-12T20:54:15.631Z - [WATCHER]: 1 file(s) created or restored, 1 file(s) modified, 1 file(s) deleted
[NX Daemon Server] - 2024-06-12T20:54:15.734Z - [REQUEST]: Updated file-hasher based on watched changes, recomputing project graph...
[NX Daemon Server] - 2024-06-12T20:54:15.745Z - Time taken for 'hash changed files from watcher' 0.32941699999992125ms
[NX Daemon Server] - 2024-06-12T20:54:15.814Z - [WATCHER]: 1 file(s) created or restored, 1 file(s) modified, 1 file(s) deleted
[NX Daemon Server] - 2024-06-12T20:54:15.917Z - [REQUEST]: Updated file-hasher based on watched changes, recomputing project graph...
[NX Daemon Server] - 2024-06-12T20:54:15.926Z - Time taken for 'hash changed files from watcher' 0.36370899999974426ms
[NX Daemon Server] - 2024-06-12T20:54:15.996Z - [WATCHER]: 1 file(s) created or restored, 1 file(s) modified, 1 file(s) deleted
[NX Daemon Server] - 2024-06-12T20:54:16.099Z - [REQUEST]: Updated file-hasher based on watched changes, recomputing project graph...
[NX Daemon Server] - 2024-06-12T20:54:16.110Z - Time taken for 'hash changed files from watcher' 0.39462500000036016ms
[NX Daemon Server] - 2024-06-12T20:54:16.181Z - [WATCHER]: 1 file(s) created or restored, 1 file(s) modified, 1 file(s) deleted
[NX Daemon Server] - 2024-06-12T20:54:16.284Z - [REQUEST]: Updated file-hasher based on watched changes, recomputing project graph...
[NX Daemon Server] - 2024-06-12T20:54:16.292Z - Time taken for 'hash changed files from watcher' 0.48308399999996254ms
[NX Daemon Server] - 2024-06-12T20:54:16.364Z - [WATCHER]: 1 file(s) created or restored, 1 file(s) modified, 1 file(s) deleted
[NX Daemon Server] - 2024-06-12T20:54:16.469Z - [REQUEST]: Updated file-hasher based on watched changes, recomputing project graph...
[NX Daemon Server] - 2024-06-12T20:54:16.484Z - Time taken for 'hash changed files from watcher' 0.6421250000003056ms
[NX Daemon Server] - 2024-06-12T20:54:16.552Z - [WATCHER]: 1 file(s) created or restored, 1 file(s) modified, 1 file(s) deleted
[NX Daemon Server] - 2024-06-12T20:54:16.666Z - [REQUEST]: Updated file-hasher based on watched changes, recomputing project graph...
[NX Daemon Server] - 2024-06-12T20:54:16.688Z - Time taken for 'hash changed files from watcher' 4.25970899999993ms
[NX Daemon Server] - 2024-06-12T20:54:16.754Z - [WATCHER]: 1 file(s) created or restored, 1 file(s) modified, 1 file(s) deleted
[NX Daemon Server] - 2024-06-12T20:54:16.862Z - [REQUEST]: Updated file-hasher based on watched changes, recomputing project graph...
[NX Daemon Server] - 2024-06-12T20:54:16.886Z - Time taken for 'hash changed files from watcher' 1.1117080000003625ms
[NX Daemon Server] - 2024-06-12T20:54:16.958Z - [WATCHER]: 1 file(s) created or restored, 1 file(s) modified, 1 file(s) deleted
[NX Daemon Server] - 2024-06-12T20:54:17.061Z - [REQUEST]: Updated file-hasher based on watched changes, recomputing project graph...
[NX Daemon Server] - 2024-06-12T20:54:17.069Z - Time taken for 'hash changed files from watcher' 0.5103749999998399ms
[NX Daemon Server] - 2024-06-12T20:54:17.142Z - [WATCHER]: 1 file(s) created or restored, 1 file(s) modified, 1 file(s) deleted
[NX Daemon Server] - 2024-06-12T20:54:17.245Z - [REQUEST]: Updated file-hasher based on watched changes, recomputing project graph...
[NX Daemon Server] - 2024-06-12T20:54:17.254Z - Time taken for 'hash changed files from watcher' 0.4955409999993208ms
[NX Daemon Server] - 2024-06-12T20:54:17.322Z - [WATCHER]: 1 file(s) created or restored, 1 file(s) modified, 1 file(s) deleted
[NX Daemon Server] - 2024-06-12T20:54:17.426Z - [REQUEST]: Updated file-hasher based on watched changes, recomputing project graph...
[NX Daemon Server] - 2024-06-12T20:54:17.434Z - Time taken for 'hash changed files from watcher' 0.3649589999995442ms
[NX Daemon Server] - 2024-06-12T20:54:17.503Z - [WATCHER]: 1 file(s) created or restored, 1 file(s) modified, 1 file(s) deleted
[NX Daemon Server] - 2024-06-12T20:54:17.606Z - [REQUEST]: Updated file-hasher based on watched changes, recomputing project graph...
[NX Daemon Server] - 2024-06-12T20:54:17.614Z - Time taken for 'hash changed files from watcher' 0.404540999999881ms
[NX Daemon Server] - 2024-06-12T20:54:17.688Z - [WATCHER]: 1 file(s) created or restored, 1 file(s) modified, 1 file(s) deleted
[NX Daemon Server] - 2024-06-12T20:54:17.791Z - [REQUEST]: Updated file-hasher based on watched changes, recomputing project graph...
[NX Daemon Server] - 2024-06-12T20:54:17.798Z - Time taken for 'hash changed files from watcher' 0.4132500000005166ms
[NX Daemon Server] - 2024-06-12T20:54:17.871Z - [WATCHER]: 1 file(s) created or restored, 1 file(s) modified, 1 file(s) deleted
[NX Daemon Server] - 2024-06-12T20:54:17.974Z - [REQUEST]: Updated file-hasher based on watched changes, recomputing project graph...
[NX Daemon Server] - 2024-06-12T20:54:17.983Z - Time taken for 'hash changed files from watcher' 0.4175829999994676ms
[NX Daemon Server] - 2024-06-12T20:54:18.056Z - [WATCHER]: 1 file(s) created or restored, 1 file(s) modified, 1 file(s) deleted
[NX Daemon Server] - 2024-06-12T20:54:18.160Z - [REQUEST]: Updated file-hasher based on watched changes, recomputing project graph...
[NX Daemon Server] - 2024-06-12T20:54:18.169Z - Time taken for 'hash changed files from watcher' 0.5115829999995185ms
[NX Daemon Server] - 2024-06-12T20:54:18.242Z - [WATCHER]: 1 file(s) created or restored, 1 file(s) modified, 1 file(s) deleted
[NX Daemon Server] - 2024-06-12T20:54:18.345Z - [REQUEST]: Updated file-hasher based on watched changes, recomputing project graph...
[NX Daemon Server] - 2024-06-12T20:54:18.353Z - Time taken for 'hash changed files from watcher' 0.442124999999578ms
[NX Daemon Server] - 2024-06-12T20:54:18.427Z - [WATCHER]: 1 file(s) created or restored, 1 file(s) modified, 1 file(s) deleted
[NX Daemon Server] - 2024-06-12T20:54:18.530Z - [REQUEST]: Updated file-hasher based on watched changes, recomputing project graph...
[NX Daemon Server] - 2024-06-12T20:54:18.540Z - Time taken for 'hash changed files from watcher' 0.4156670000002123ms
[NX Daemon Server] - 2024-06-12T20:54:18.610Z - [WATCHER]: 1 file(s) created or restored, 1 file(s) modified, 1 file(s) deleted
[NX Daemon Server] - 2024-06-12T20:54:18.714Z - [REQUEST]: Updated file-hasher based on watched changes, recomputing project graph...
[NX Daemon Server] - 2024-06-12T20:54:18.722Z - Time taken for 'hash changed files from watcher' 0.4069580000004862ms
[NX Daemon Server] - 2024-06-12T20:54:18.795Z - [WATCHER]: 1 file(s) created or restored, 1 file(s) modified, 1 file(s) deleted
[NX Daemon Server] - 2024-06-12T20:54:18.899Z - [REQUEST]: Updated file-hasher based on watched changes, recomputing project graph...
[NX Daemon Server] - 2024-06-12T20:54:18.907Z - Time taken for 'hash changed files from watcher' 0.46587499999986903ms
[NX Daemon Server] - 2024-06-12T20:54:18.992Z - [WATCHER]: 1 file(s) created or restored, 1 file(s) modified, 1 file(s) deleted
[NX Daemon Server] - 2024-06-12T20:54:19.097Z - [REQUEST]: Updated file-hasher based on watched changes, recomputing project graph...
[NX Daemon Server] - 2024-06-12T20:54:19.112Z - Time taken for 'hash changed files from watcher' 0.6188750000001164ms
[NX Daemon Server] - 2024-06-12T20:54:19.190Z - [WATCHER]: 1 file(s) created or restored, 1 file(s) modified, 1 file(s) deleted
[NX Daemon Server] - 2024-06-12T20:54:19.297Z - [REQUEST]: Updated file-hasher based on watched changes, recomputing project graph...
[NX Daemon Server] - 2024-06-12T20:54:19.330Z - Time taken for 'hash changed files from watcher' 1.0487499999999272ms
[NX Daemon Server] - 2024-06-12T20:54:19.398Z - [WATCHER]: 1 file(s) created or restored, 1 file(s) modified, 0 file(s) deleted
[NX Daemon Server] - 2024-06-12T20:54:19.504Z - [REQUEST]: Updated file-hasher based on watched changes, recomputing project graph...
[NX Daemon Server] - 2024-06-12T20:54:19.526Z - Time taken for 'hash changed files from watcher' 0.6706659999999829ms
[NX Daemon Server] - 2024-06-12T20:54:19.591Z - [WATCHER]: 1 file(s) created or restored, 1 file(s) modified, 1 file(s) deleted
[NX Daemon Server] - 2024-06-12T20:54:19.715Z - [REQUEST]: Updated file-hasher based on watched changes, recomputing project graph...
[NX Daemon Server] - 2024-06-12T20:54:19.762Z - Time taken for 'hash changed files from watcher' 0.8395410000002812ms
[NX Daemon Server] - 2024-06-12T20:54:19.820Z - [WATCHER]: 1 file(s) created or restored, 1 file(s) modified, 1 file(s) deleted
[NX Daemon Server] - 2024-06-12T20:54:19.928Z - [REQUEST]: Updated file-hasher based on watched changes, recomputing project graph...
[NX Daemon Server] - 2024-06-12T20:54:19.949Z - Time taken for 'hash changed files from watcher' 1.2070829999993293ms
[NX Daemon Server] - 2024-06-12T20:54:20.008Z - [WATCHER]: 1 file(s) created or restored, 1 file(s) modified, 1 file(s) deleted
[NX Daemon Server] - 2024-06-12T20:54:20.119Z - [REQUEST]: Updated file-hasher based on watched changes, recomputing project graph...
[NX Daemon Server] - 2024-06-12T20:54:20.147Z - Time taken for 'hash changed files from watcher' 0.8930000000000291ms
[NX Daemon Server] - 2024-06-12T20:54:20.223Z - [WATCHER]: 1 file(s) created or restored, 1 file(s) modified, 1 file(s) deleted
[NX Daemon Server] - 2024-06-12T20:54:20.330Z - [REQUEST]: Updated file-hasher based on watched changes, recomputing project graph...
[NX Daemon Server] - 2024-06-12T20:54:20.358Z - Time taken for 'hash changed files from watcher' 0.9796249999999418ms
[NX Daemon Server] - 2024-06-12T20:54:20.430Z - [WATCHER]: 1 file(s) created or restored, 1 file(s) modified, 1 file(s) deleted
[NX Daemon Server] - 2024-06-12T20:54:20.546Z - [REQUEST]: Updated file-hasher based on watched changes, recomputing project graph...
[NX Daemon Server] - 2024-06-12T20:54:20.564Z - Time taken for 'hash changed files from watcher' 1.1510830000006536ms
[NX Daemon Server] - 2024-06-12T20:54:20.634Z - [WATCHER]: 1 file(s) created or restored, 1 file(s) modified, 1 file(s) deleted
[NX Daemon Server] - 2024-06-12T20:54:20.744Z - [REQUEST]: Updated file-hasher based on watched changes, recomputing project graph...
[NX Daemon Server] - 2024-06-12T20:54:20.771Z - Time taken for 'hash changed files from watcher' 0.8482079999994312ms
[NX Daemon Server] - 2024-06-12T20:54:20.837Z - [WATCHER]: 1 file(s) created or restored, 1 file(s) modified, 1 file(s) deleted
[NX Daemon Server] - 2024-06-12T20:54:20.947Z - [REQUEST]: Updated file-hasher based on watched changes, recomputing project graph...
[NX Daemon Server] - 2024-06-12T20:54:20.972Z - Time taken for 'hash changed files from watcher' 1.5815000000002328ms
[NX Daemon Server] - 2024-06-12T20:54:21.051Z - [WATCHER]: 1 file(s) created or restored, 1 file(s) modified, 1 file(s) deleted
[NX Daemon Server] - 2024-06-12T20:54:21.166Z - [REQUEST]: Updated file-hasher based on watched changes, recomputing project graph...
[NX Daemon Server] - 2024-06-12T20:54:21.185Z - Time taken for 'hash changed files from watcher' 1.6485409999986587ms
[NX Daemon Server] - 2024-06-12T20:54:21.253Z - [WATCHER]: 1 file(s) created or restored, 1 file(s) modified, 1 file(s) deleted
[NX Daemon Server] - 2024-06-12T20:54:21.357Z - [REQUEST]: Updated file-hasher based on watched changes, recomputing project graph...
[NX Daemon Server] - 2024-06-12T20:54:21.366Z - Time taken for 'hash changed files from watcher' 0.6255830000009155ms
[NX Daemon Server] - 2024-06-12T20:54:21.440Z - [WATCHER]: 1 file(s) created or restored, 1 file(s) modified, 1 file(s) deleted
[NX Daemon Server] - 2024-06-12T20:54:21.545Z - [REQUEST]: Updated file-hasher based on watched changes, recomputing project graph...
[NX Daemon Server] - 2024-06-12T20:54:21.566Z - Time taken for 'hash changed files from watcher' 0.6809579999990092ms
[NX Daemon Server] - 2024-06-12T20:54:21.634Z - [WATCHER]: 1 file(s) created or restored, 1 file(s) modified, 1 file(s) deleted
[NX Daemon Server] - 2024-06-12T20:54:21.927Z - [REQUEST]: Updated file-hasher based on watched changes, recomputing project graph...
[NX Daemon Server] - 2024-06-12T20:54:21.976Z - Time taken for 'hash changed files from watcher' 59.873750000000655ms
[NX Daemon Server] - 2024-06-12T20:54:22.033Z - [WATCHER]: 1 file(s) created or restored, 1 file(s) modified, 1 file(s) deleted
[NX Daemon Server] - 2024-06-12T20:54:22.139Z - [REQUEST]: Updated file-hasher based on watched changes, recomputing project graph...
[NX Daemon Server] - 2024-06-12T20:54:22.162Z - Time taken for 'hash changed files from watcher' 0.7478330000012647ms
[NX Daemon Server] - 2024-06-12T20:54:22.225Z - [WATCHER]: 1 file(s) created or restored, 1 file(s) modified, 1 file(s) deleted
[NX Daemon Server] - 2024-06-12T20:54:22.334Z - [REQUEST]: Updated file-hasher based on watched changes, recomputing project graph...
[NX Daemon Server] - 2024-06-12T20:54:22.360Z - Time taken for 'hash changed files from watcher' 1.0232500000001892ms
[NX Daemon Server] - 2024-06-12T20:54:22.440Z - [WATCHER]: 1 file(s) created or restored, 1 file(s) modified, 1 file(s) deleted
[NX Daemon Server] - 2024-06-12T20:54:22.550Z - [REQUEST]: Updated file-hasher based on watched changes, recomputing project graph...
[NX Daemon Server] - 2024-06-12T20:54:22.574Z - Time taken for 'hash changed files from watcher' 1.9946670000008453ms
[NX Daemon Server] - 2024-06-12T20:54:22.635Z - [WATCHER]: 1 file(s) created or restored, 1 file(s) modified, 1 file(s) deleted
[NX Daemon Server] - 2024-06-12T20:54:22.746Z - [REQUEST]: Updated file-hasher based on watched changes, recomputing project graph...
[NX Daemon Server] - 2024-06-12T20:54:22.769Z - Time taken for 'hash changed files from watcher' 0.9089579999999842ms
[NX Daemon Server] - 2024-06-12T20:54:22.837Z - [WATCHER]: 1 file(s) created or restored, 1 file(s) modified, 1 file(s) deleted
[NX Daemon Server] - 2024-06-12T20:54:22.947Z - [REQUEST]: Updated file-hasher based on watched changes, recomputing project graph...
[NX Daemon Server] - 2024-06-12T20:54:22.973Z - Time taken for 'hash changed files from watcher' 1.123833999999988ms
[NX Daemon Server] - 2024-06-12T20:54:23.038Z - [WATCHER]: 1 file(s) created or restored, 1 file(s) modified, 1 file(s) deleted
[NX Daemon Server] - 2024-06-12T20:54:23.143Z - [REQUEST]: Updated file-hasher based on watched changes, recomputing project graph...
[NX Daemon Server] - 2024-06-12T20:54:23.159Z - Time taken for 'hash changed files from watcher' 0.9689170000001468ms
[NX Daemon Server] - 2024-06-12T20:54:23.219Z - [WATCHER]: 1 file(s) created or restored, 1 file(s) modified, 1 file(s) deleted
[NX Daemon Server] - 2024-06-12T20:54:23.328Z - [REQUEST]: Updated file-hasher based on watched changes, recomputing project graph...
[NX Daemon Server] - 2024-06-12T20:54:23.350Z - Time taken for 'hash changed files from watcher' 0.6767500000005384ms
[NX Daemon Server] - 2024-06-12T20:54:23.416Z - [WATCHER]: 1 file(s) created or restored, 1 file(s) modified, 1 file(s) deleted
[NX Daemon Server] - 2024-06-12T20:54:23.526Z - [REQUEST]: Updated file-hasher based on watched changes, recomputing project graph...
[NX Daemon Server] - 2024-06-12T20:54:23.559Z - Time taken for 'hash changed files from watcher' 1.3684169999996811ms
[NX Daemon Server] - 2024-06-12T20:54:23.629Z - [WATCHER]: 1 file(s) created or restored, 1 file(s) modified, 1 file(s) deleted
[NX Daemon Server] - 2024-06-12T20:54:23.737Z - [REQUEST]: Updated file-hasher based on watched changes, recomputing project graph...
[NX Daemon Server] - 2024-06-12T20:54:23.763Z - Time taken for 'hash changed files from watcher' 1.5895410000011907ms
[NX Daemon Server] - 2024-06-12T20:54:23.829Z - [WATCHER]: 1 file(s) created or restored, 1 file(s) modified, 1 file(s) deleted
[NX Daemon Server] - 2024-06-12T20:54:23.936Z - [REQUEST]: Updated file-hasher based on watched changes, recomputing project graph...
[NX Daemon Server] - 2024-06-12T20:54:23.962Z - Time taken for 'hash changed files from watcher' 1.0437919999985752ms
[NX Daemon Server] - 2024-06-12T20:54:24.030Z - [WATCHER]: 1 file(s) created or restored, 1 file(s) modified, 1 file(s) deleted
[NX Daemon Server] - 2024-06-12T20:54:24.136Z - [REQUEST]: Updated file-hasher based on watched changes, recomputing project graph...
[NX Daemon Server] - 2024-06-12T20:54:24.152Z - Time taken for 'hash changed files from watcher' 0.8238329999985581ms
[NX Daemon Server] - 2024-06-12T20:54:24.226Z - [WATCHER]: 1 file(s) created or restored, 1 file(s) modified, 1 file(s) deleted
[NX Daemon Server] - 2024-06-12T20:54:24.337Z - [REQUEST]: Updated file-hasher based on watched changes, recomputing project graph...
[NX Daemon Server] - 2024-06-12T20:54:24.376Z - Time taken for 'hash changed files from watcher' 1.291957999999795ms
[NX Daemon Server] - 2024-06-12T20:54:24.448Z - [WATCHER]: 1 file(s) created or restored, 1 file(s) modified, 1 file(s) deleted
[NX Daemon Server] - 2024-06-12T20:54:24.556Z - [REQUEST]: Updated file-hasher based on watched changes, recomputing project graph...
[NX Daemon Server] - 2024-06-12T20:54:24.575Z - Time taken for 'hash changed files from watcher' 1.1804589999992459ms
[NX Daemon Server] - 2024-06-12T20:54:24.644Z - [WATCHER]: 1 file(s) created or restored, 1 file(s) modified, 1 file(s) deleted
[NX Daemon Server] - 2024-06-12T20:54:24.749Z - [REQUEST]: Updated file-hasher based on watched changes, recomputing project graph...
[NX Daemon Server] - 2024-06-12T20:54:24.764Z - Time taken for 'hash changed files from watcher' 0.6751669999994192ms
[NX Daemon Server] - 2024-06-12T20:54:24.834Z - [WATCHER]: 1 file(s) created or restored, 1 file(s) modified, 1 file(s) deleted
[NX Daemon Server] - 2024-06-12T20:54:24.940Z - [REQUEST]: Updated file-hasher based on watched changes, recomputing project graph...
[NX Daemon Server] - 2024-06-12T20:54:24.964Z - Time taken for 'hash changed files from watcher' 1.2229170000009617ms
[NX Daemon Server] - 2024-06-12T20:54:25.030Z - [WATCHER]: 1 file(s) created or restored, 1 file(s) modified, 1 file(s) deleted
[NX Daemon Server] - 2024-06-12T20:54:25.134Z - [REQUEST]: Updated file-hasher based on watched changes, recomputing project graph...
[NX Daemon Server] - 2024-06-12T20:54:25.147Z - Time taken for 'hash changed files from watcher' 0.48237499999959255ms
[NX Daemon Server] - 2024-06-12T20:54:25.216Z - [WATCHER]: 1 file(s) created or restored, 1 file(s) modified, 1 file(s) deleted
[NX Daemon Server] - 2024-06-12T20:54:25.321Z - [REQUEST]: Updated file-hasher based on watched changes, recomputing project graph...
[NX Daemon Server] - 2024-06-12T20:54:25.330Z - Time taken for 'hash changed files from watcher' 0.7305000000014843ms
[NX Daemon Server] - 2024-06-12T20:54:25.402Z - [WATCHER]: 1 file(s) created or restored, 1 file(s) modified, 1 file(s) deleted
[NX Daemon Server] - 2024-06-12T20:54:25.505Z - [REQUEST]: Updated file-hasher based on watched changes, recomputing project graph...
[NX Daemon Server] - 2024-06-12T20:54:25.514Z - Time taken for 'hash changed files from watcher' 0.4592499999998836ms
[NX Daemon Server] - 2024-06-12T20:54:25.587Z - [WATCHER]: 1 file(s) created or restored, 1 file(s) modified, 1 file(s) deleted
[NX Daemon Server] - 2024-06-12T20:54:25.693Z - [REQUEST]: Updated file-hasher based on watched changes, recomputing project graph...
[NX Daemon Server] - 2024-06-12T20:54:25.703Z - Time taken for 'hash changed files from watcher' 0.47191600000041944ms
[NX Daemon Server] - 2024-06-12T20:54:25.774Z - [WATCHER]: 1 file(s) created or restored, 1 file(s) modified, 1 file(s) deleted
[NX Daemon Server] - 2024-06-12T20:54:25.877Z - [REQUEST]: Updated file-hasher based on watched changes, recomputing project graph...
[NX Daemon Server] - 2024-06-12T20:54:25.886Z - Time taken for 'hash changed files from watcher' 0.3912909999999101ms
[NX Daemon Server] - 2024-06-12T20:54:25.958Z - [WATCHER]: 1 file(s) created or restored, 1 file(s) modified, 1 file(s) deleted
[NX Daemon Server] - 2024-06-12T20:54:26.062Z - [REQUEST]: Updated file-hasher based on watched changes, recomputing project graph...
[NX Daemon Server] - 2024-06-12T20:54:26.071Z - Time taken for 'hash changed files from watcher' 0.37320899999940593ms
[NX Daemon Server] - 2024-06-12T20:54:26.150Z - [WATCHER]: 1 file(s) created or restored, 1 file(s) modified, 1 file(s) deleted
[NX Daemon Server] - 2024-06-12T20:54:26.253Z - [REQUEST]: Updated file-hasher based on watched changes, recomputing project graph...
[NX Daemon Server] - 2024-06-12T20:54:26.262Z - Time taken for 'hash changed files from watcher' 0.4593329999988782ms
[NX Daemon Server] - 2024-06-12T20:54:26.333Z - [WATCHER]: 1 file(s) created or restored, 1 file(s) modified, 1 file(s) deleted
[NX Daemon Server] - 2024-06-12T20:54:26.437Z - [REQUEST]: Updated file-hasher based on watched changes, recomputing project graph...
[NX Daemon Server] - 2024-06-12T20:54:26.445Z - Time taken for 'hash changed files from watcher' 0.4900420000012673ms
[NX Daemon Server] - 2024-06-12T20:54:26.517Z - [WATCHER]: 1 file(s) created or restored, 1 file(s) modified, 1 file(s) deleted
[NX Daemon Server] - 2024-06-12T20:54:26.620Z - [REQUEST]: Updated file-hasher based on watched changes, recomputing project graph...
[NX Daemon Server] - 2024-06-12T20:54:26.629Z - Time taken for 'hash changed files from watcher' 0.36850000000049477ms
[NX Daemon Server] - 2024-06-12T20:54:26.697Z - [WATCHER]: 1 file(s) created or restored, 1 file(s) modified, 1 file(s) deleted
[NX Daemon Server] - 2024-06-12T20:54:26.801Z - [REQUEST]: Updated file-hasher based on watched changes, recomputing project graph...
[NX Daemon Server] - 2024-06-12T20:54:26.810Z - Time taken for 'hash changed files from watcher' 0.38758299999972223ms
[NX Daemon Server] - 2024-06-12T20:54:26.882Z - [WATCHER]: 1 file(s) created or restored, 1 file(s) modified, 1 file(s) deleted
[NX Daemon Server] - 2024-06-12T20:54:26.984Z - [REQUEST]: Updated file-hasher based on watched changes, recomputing project graph...
[NX Daemon Server] - 2024-06-12T20:54:26.994Z - Time taken for 'hash changed files from watcher' 0.34279200000128185ms
[NX Daemon Server] - 2024-06-12T20:54:27.066Z - [WATCHER]: 1 file(s) created or restored, 1 file(s) modified, 1 file(s) deleted
[NX Daemon Server] - 2024-06-12T20:54:27.170Z - [REQUEST]: Updated file-hasher based on watched changes, recomputing project graph...
[NX Daemon Server] - 2024-06-12T20:54:27.189Z - Time taken for 'hash changed files from watcher' 0.558999999999287ms
[NX Daemon Server] - 2024-06-12T20:54:27.253Z - [WATCHER]: 1 file(s) created or restored, 1 file(s) modified, 1 file(s) deleted
[NX Daemon Server] - 2024-06-12T20:54:27.362Z - [REQUEST]: Updated file-hasher based on watched changes, recomputing project graph...
[NX Daemon Server] - 2024-06-12T20:54:27.374Z - Time taken for 'hash changed files from watcher' 1.0652909999989788ms
[NX Daemon Server] - 2024-06-12T20:54:27.443Z - [WATCHER]: 1 file(s) created or restored, 1 file(s) modified, 1 file(s) deleted
[NX Daemon Server] - 2024-06-12T20:54:27.547Z - [REQUEST]: Updated file-hasher based on watched changes, recomputing project graph...
[NX Daemon Server] - 2024-06-12T20:54:27.555Z - Time taken for 'hash changed files from watcher' 0.5409999999992579ms
[NX Daemon Server] - 2024-06-12T20:54:27.628Z - [WATCHER]: 1 file(s) created or restored, 1 file(s) modified, 1 file(s) deleted
[NX Daemon Server] - 2024-06-12T20:54:27.737Z - [REQUEST]: Updated file-hasher based on watched changes, recomputing project graph...
[NX Daemon Server] - 2024-06-12T20:54:27.762Z - Time taken for 'hash changed files from watcher' 0.8287080000009155ms
[NX Daemon Server] - 2024-06-12T20:54:27.814Z - [WATCHER]: 1 file(s) created or restored, 1 file(s) modified, 1 file(s) deleted
[NX Daemon Server] - 2024-06-12T20:54:27.917Z - [REQUEST]: Updated file-hasher based on watched changes, recomputing project graph...
[NX Daemon Server] - 2024-06-12T20:54:27.925Z - Time taken for 'hash changed files from watcher' 0.45666700000037963ms
[NX Daemon Server] - 2024-06-12T20:54:27.997Z - [WATCHER]: 1 file(s) created or restored, 1 file(s) modified, 1 file(s) deleted
[NX Daemon Server] - 2024-06-12T20:54:28.100Z - [REQUEST]: Updated file-hasher based on watched changes, recomputing project graph...
[NX Daemon Server] - 2024-06-12T20:54:28.109Z - Time taken for 'hash changed files from watcher' 0.3757499999992433ms
[NX Daemon Server] - 2024-06-12T20:54:28.181Z - [WATCHER]: 1 file(s) created or restored, 1 file(s) modified, 1 file(s) deleted
[NX Daemon Server] - 2024-06-12T20:54:28.294Z - [REQUEST]: Updated file-hasher based on watched changes, recomputing project graph...
[NX Daemon Server] - 2024-06-12T20:54:28.304Z - Time taken for 'hash changed files from watcher' 6.280457999999271ms
[NX Daemon Server] - 2024-06-12T20:54:28.374Z - [WATCHER]: 1 file(s) created or restored, 1 file(s) modified, 1 file(s) deleted
[NX Daemon Server] - 2024-06-12T20:54:28.477Z - [REQUEST]: Updated file-hasher based on watched changes, recomputing project graph...
[NX Daemon Server] - 2024-06-12T20:54:28.485Z - Time taken for 'hash changed files from watcher' 0.39979199999834236ms
[NX Daemon Server] - 2024-06-12T20:54:28.558Z - [WATCHER]: 1 file(s) created or restored, 1 file(s) modified, 1 file(s) deleted
[NX Daemon Server] - 2024-06-12T20:54:28.661Z - [REQUEST]: Updated file-hasher based on watched changes, recomputing project graph...
[NX Daemon Server] - 2024-06-12T20:54:28.669Z - Time taken for 'hash changed files from watcher' 0.4010000000016589ms
[NX Daemon Server] - 2024-06-12T20:54:28.741Z - [WATCHER]: 1 file(s) created or restored, 1 file(s) modified, 1 file(s) deleted
[NX Daemon Server] - 2024-06-12T20:54:28.844Z - [REQUEST]: Updated file-hasher based on watched changes, recomputing project graph...
[NX Daemon Server] - 2024-06-12T20:54:28.853Z - Time taken for 'hash changed files from watcher' 0.43549999999959255ms
[NX Daemon Server] - 2024-06-12T20:54:28.925Z - [WATCHER]: 1 file(s) created or restored, 1 file(s) modified, 1 file(s) deleted
[NX Daemon Server] - 2024-06-12T20:54:29.028Z - [REQUEST]: Updated file-hasher based on watched changes, recomputing project graph...
[NX Daemon Server] - 2024-06-12T20:54:29.037Z - Time taken for 'hash changed files from watcher' 0.45458299999882ms
[NX Daemon Server] - 2024-06-12T20:54:29.106Z - [WATCHER]: 1 file(s) created or restored, 1 file(s) modified, 1 file(s) deleted
[NX Daemon Server] - 2024-06-12T20:54:29.210Z - [REQUEST]: Updated file-hasher based on watched changes, recomputing project graph...
[NX Daemon Server] - 2024-06-12T20:54:29.219Z - Time taken for 'hash changed files from watcher' 1.2174159999995027ms
[NX Daemon Server] - 2024-06-12T20:54:29.282Z - [WATCHER]: 1 file(s) created or restored, 1 file(s) modified, 1 file(s) deleted
[NX Daemon Server] - 2024-06-12T20:54:29.385Z - [REQUEST]: Updated file-hasher based on watched changes, recomputing project graph...
[NX Daemon Server] - 2024-06-12T20:54:29.393Z - Time taken for 'hash changed files from watcher' 0.35841699999946286ms
[NX Daemon Server] - 2024-06-12T20:54:29.467Z - [WATCHER]: 1 file(s) created or restored, 1 file(s) modified, 1 file(s) deleted
[NX Daemon Server] - 2024-06-12T20:54:29.570Z - [REQUEST]: Updated file-hasher based on watched changes, recomputing project graph...
[NX Daemon Server] - 2024-06-12T20:54:29.584Z - Time taken for 'hash changed files from watcher' 0.3977919999997539ms
[NX Daemon Server] - 2024-06-12T20:54:29.651Z - [WATCHER]: 1 file(s) created or restored, 1 file(s) modified, 1 file(s) deleted
[NX Daemon Server] - 2024-06-12T20:54:29.754Z - [REQUEST]: Updated file-hasher based on watched changes, recomputing project graph...
[NX Daemon Server] - 2024-06-12T20:54:29.762Z - Time taken for 'hash changed files from watcher' 0.47524999999950523ms
[NX Daemon Server] - 2024-06-12T20:54:29.831Z - [WATCHER]: 1 file(s) created or restored, 1 file(s) modified, 1 file(s) deleted
[NX Daemon Server] - 2024-06-12T20:54:29.935Z - [REQUEST]: Updated file-hasher based on watched changes, recomputing project graph...
[NX Daemon Server] - 2024-06-12T20:54:29.943Z - Time taken for 'hash changed files from watcher' 0.8745830000007118ms
[NX Daemon Server] - 2024-06-12T20:54:30.016Z - [WATCHER]: 1 file(s) created or restored, 1 file(s) modified, 1 file(s) deleted
[NX Daemon Server] - 2024-06-12T20:54:30.119Z - [REQUEST]: Updated file-hasher based on watched changes, recomputing project graph...
[NX Daemon Server] - 2024-06-12T20:54:30.127Z - Time taken for 'hash changed files from watcher' 0.4458329999979469ms
[NX Daemon Server] - 2024-06-12T20:54:30.209Z - [WATCHER]: 1 file(s) created or restored, 1 file(s) modified, 1 file(s) deleted
[NX Daemon Server] - 2024-06-12T20:54:30.411Z - [REQUEST]: Updated file-hasher based on watched changes, recomputing project graph...
[NX Daemon Server] - 2024-06-12T20:54:30.424Z - Time taken for 'hash changed files from watcher' 27.43370800000048ms
[NX Daemon Server] - 2024-06-12T20:54:30.491Z - [WATCHER]: 1 file(s) created or restored, 1 file(s) modified, 1 file(s) deleted
[NX Daemon Server] - 2024-06-12T20:54:30.595Z - [REQUEST]: Updated file-hasher based on watched changes, recomputing project graph...
[NX Daemon Server] - 2024-06-12T20:54:30.629Z - Time taken for 'hash changed files from watcher' 0.4668329999985872ms
[NX Daemon Server] - 2024-06-12T20:54:30.685Z - [WATCHER]: 1 file(s) created or restored, 1 file(s) modified, 1 file(s) deleted
[NX Daemon Server] - 2024-06-12T20:54:30.790Z - [REQUEST]: Updated file-hasher based on watched changes, recomputing project graph...
[NX Daemon Server] - 2024-06-12T20:54:30.799Z - Time taken for 'hash changed files from watcher' 0.4350830000003043ms
[NX Daemon Server] - 2024-06-12T20:54:30.870Z - [WATCHER]: 1 file(s) created or restored, 1 file(s) modified, 1 file(s) deleted
[NX Daemon Server] - 2024-06-12T20:54:30.973Z - [REQUEST]: Updated file-hasher based on watched changes, recomputing project graph...
[NX Daemon Server] - 2024-06-12T20:54:30.983Z - Time taken for 'hash changed files from watcher' 0.36762499999895226ms
[NX Daemon Server] - 2024-06-12T20:54:31.055Z - [WATCHER]: 1 file(s) created or restored, 1 file(s) modified, 1 file(s) deleted
[NX Daemon Server] - 2024-06-12T20:54:31.159Z - [REQUEST]: Updated file-hasher based on watched changes, recomputing project graph...
[NX Daemon Server] - 2024-06-12T20:54:31.174Z - Time taken for 'hash changed files from watcher' 0.4090409999989788ms
[NX Daemon Server] - 2024-06-12T20:54:31.248Z - [WATCHER]: 1 file(s) created or restored, 1 file(s) modified, 1 file(s) deleted
[NX Daemon Server] - 2024-06-12T20:54:31.352Z - [REQUEST]: Updated file-hasher based on watched changes, recomputing project graph...
[NX Daemon Server] - 2024-06-12T20:54:31.362Z - Time taken for 'hash changed files from watcher' 0.35754199999792036ms
[NX Daemon Server] - 2024-06-12T20:54:31.433Z - [WATCHER]: 1 file(s) created or restored, 1 file(s) modified, 1 file(s) deleted
[NX Daemon Server] - 2024-06-12T20:54:31.536Z - [REQUEST]: Updated file-hasher based on watched changes, recomputing project graph...
[NX Daemon Server] - 2024-06-12T20:54:31.546Z - Time taken for 'hash changed files from watcher' 0.26287500000034925ms
[NX Daemon Server] - 2024-06-12T20:54:31.612Z - [WATCHER]: 1 file(s) created or restored, 1 file(s) modified, 1 file(s) deleted
[NX Daemon Server] - 2024-06-12T20:54:31.715Z - [REQUEST]: Updated file-hasher based on watched changes, recomputing project graph...
[NX Daemon Server] - 2024-06-12T20:54:31.725Z - Time taken for 'hash changed files from watcher' 0.39170799999919836ms
[NX Daemon Server] - 2024-06-12T20:54:31.787Z - [WATCHER]: 1 file(s) created or restored, 1 file(s) modified, 1 file(s) deleted
[NX Daemon Server] - 2024-06-12T20:54:31.891Z - [REQUEST]: Updated file-hasher based on watched changes, recomputing project graph...
[NX Daemon Server] - 2024-06-12T20:54:31.901Z - Time taken for 'hash changed files from watcher' 0.7069160000028205ms
[NX Daemon Server] - 2024-06-12T20:54:31.973Z - [WATCHER]: 1 file(s) created or restored, 1 file(s) modified, 1 file(s) deleted
[NX Daemon Server] - 2024-06-12T20:54:32.077Z - [REQUEST]: Updated file-hasher based on watched changes, recomputing project graph...
[NX Daemon Server] - 2024-06-12T20:54:32.085Z - Time taken for 'hash changed files from watcher' 0.2835000000013679ms
[NX Daemon Server] - 2024-06-12T20:54:32.158Z - [WATCHER]: 1 file(s) created or restored, 1 file(s) modified, 1 file(s) deleted
[NX Daemon Server] - 2024-06-12T20:54:32.262Z - [REQUEST]: Updated file-hasher based on watched changes, recomputing project graph...
[NX Daemon Server] - 2024-06-12T20:54:32.269Z - Time taken for 'hash changed files from watcher' 0.26658300000053714ms
[NX Daemon Server] - 2024-06-12T20:54:32.343Z - [WATCHER]: 1 file(s) created or restored, 1 file(s) modified, 1 file(s) deleted
[NX Daemon Server] - 2024-06-12T20:54:32.505Z - [REQUEST]: Updated file-hasher based on watched changes, recomputing project graph...
[NX Daemon Server] - 2024-06-12T20:54:32.516Z - Time taken for 'hash changed files from watcher' 0.4140000000006694ms
[NX Daemon Server] - 2024-06-12T20:54:32.589Z - [WATCHER]: 1 file(s) created or restored, 1 file(s) modified, 1 file(s) deleted
[NX Daemon Server] - 2024-06-12T20:54:32.692Z - [REQUEST]: Updated file-hasher based on watched changes, recomputing project graph...
[NX Daemon Server] - 2024-06-12T20:54:32.700Z - Time taken for 'hash changed files from watcher' 0.3259170000019367ms
[NX Daemon Server] - 2024-06-12T20:54:32.774Z - [WATCHER]: 1 file(s) created or restored, 1 file(s) modified, 1 file(s) deleted
[NX Daemon Server] - 2024-06-12T20:54:32.877Z - [REQUEST]: Updated file-hasher based on watched changes, recomputing project graph...
[NX Daemon Server] - 2024-06-12T20:54:32.885Z - Time taken for 'hash changed files from watcher' 0.3236250000009022ms
[NX Daemon Server] - 2024-06-12T20:54:32.958Z - [WATCHER]: 1 file(s) created or restored, 1 file(s) modified, 1 file(s) deleted
[NX Daemon Server] - 2024-06-12T20:54:33.061Z - [REQUEST]: Updated file-hasher based on watched changes, recomputing project graph...
[NX Daemon Server] - 2024-06-12T20:54:33.070Z - Time taken for 'hash changed files from watcher' 0.4102920000004815ms
[NX Daemon Server] - 2024-06-12T20:54:33.146Z - [WATCHER]: 1 file(s) created or restored, 1 file(s) modified, 1 file(s) deleted
[NX Daemon Server] - 2024-06-12T20:54:33.249Z - [REQUEST]: Updated file-hasher based on watched changes, recomputing project graph...
[NX Daemon Server] - 2024-06-12T20:54:33.256Z - Time taken for 'hash changed files from watcher' 0.3787499999998545ms
[NX Daemon Server] - 2024-06-12T20:54:33.330Z - [WATCHER]: 1 file(s) created or restored, 1 file(s) modified, 1 file(s) deleted
[NX Daemon Server] - 2024-06-12T20:54:33.433Z - [REQUEST]: Updated file-hasher based on watched changes, recomputing project graph...
[NX Daemon Server] - 2024-06-12T20:54:33.444Z - Time taken for 'hash changed files from watcher' 1.214749999999185ms
[NX Daemon Server] - 2024-06-12T20:54:33.502Z - [WATCHER]: 1 file(s) created or restored, 1 file(s) modified, 1 file(s) deleted
[NX Daemon Server] - 2024-06-12T20:54:33.607Z - [REQUEST]: Updated file-hasher based on watched changes, recomputing project graph...
[NX Daemon Server] - 2024-06-12T20:54:33.618Z - Time taken for 'hash changed files from watcher' 0.7508750000015425ms
[NX Daemon Server] - 2024-06-12T20:54:33.685Z - [WATCHER]: 1 file(s) created or restored, 1 file(s) modified, 1 file(s) deleted
[NX Daemon Server] - 2024-06-12T20:54:33.790Z - [REQUEST]: Updated file-hasher based on watched changes, recomputing project graph...
[NX Daemon Server] - 2024-06-12T20:54:33.808Z - Time taken for 'hash changed files from watcher' 0.45429199999853154ms
[NX Daemon Server] - 2024-06-12T20:54:33.868Z - [WATCHER]: 1 file(s) created or restored, 1 file(s) modified, 1 file(s) deleted
[NX Daemon Server] - 2024-06-12T20:54:33.978Z - [REQUEST]: Updated file-hasher based on watched changes, recomputing project graph...
[NX Daemon Server] - 2024-06-12T20:54:33.998Z - Time taken for 'hash changed files from watcher' 0.7397089999976743ms
[NX Daemon Server] - 2024-06-12T20:54:34.052Z - [WATCHER]: 1 file(s) created or restored, 1 file(s) modified, 1 file(s) deleted
[NX Daemon Server] - 2024-06-12T20:54:34.155Z - [REQUEST]: Updated file-hasher based on watched changes, recomputing project graph...
[NX Daemon Server] - 2024-06-12T20:54:34.164Z - Time taken for 'hash changed files from watcher' 0.41241699999955017ms
[NX Daemon Server] - 2024-06-12T20:54:34.236Z - [WATCHER]: 1 file(s) created or restored, 1 file(s) modified, 1 file(s) deleted
[NX Daemon Server] - 2024-06-12T20:54:34.340Z - [REQUEST]: Updated file-hasher based on watched changes, recomputing project graph...
[NX Daemon Server] - 2024-06-12T20:54:34.348Z - Time taken for 'hash changed files from watcher' 0.4611670000012964ms
[NX Daemon Server] - 2024-06-12T20:54:34.421Z - [WATCHER]: 1 file(s) created or restored, 1 file(s) modified, 1 file(s) deleted
[NX Daemon Server] - 2024-06-12T20:54:34.559Z - [REQUEST]: Updated file-hasher based on watched changes, recomputing project graph...
[NX Daemon Server] - 2024-06-12T20:54:34.578Z - Time taken for 'hash changed files from watcher' 0.47699999999895226ms
[NX Daemon Server] - 2024-06-12T20:54:34.651Z - [WATCHER]: 1 file(s) created or restored, 1 file(s) modified, 1 file(s) deleted
[NX Daemon Server] - 2024-06-12T20:54:34.754Z - [REQUEST]: Updated file-hasher based on watched changes, recomputing project graph...
[NX Daemon Server] - 2024-06-12T20:54:34.762Z - Time taken for 'hash changed files from watcher' 0.35104100000171456ms
[NX Daemon Server] - 2024-06-12T20:54:34.836Z - [WATCHER]: 1 file(s) created or restored, 1 file(s) modified, 1 file(s) deleted
[NX Daemon Server] - 2024-06-12T20:54:34.940Z - [REQUEST]: Updated file-hasher based on watched changes, recomputing project graph...
[NX Daemon Server] - 2024-06-12T20:54:34.963Z - Time taken for 'hash changed files from watcher' 1.383417000000918ms
[NX Daemon Server] - 2024-06-12T20:54:35.026Z - [WATCHER]: 1 file(s) created or restored, 1 file(s) modified, 1 file(s) deleted
[NX Daemon Server] - 2024-06-12T20:54:35.133Z - [REQUEST]: Updated file-hasher based on watched changes, recomputing project graph...
[NX Daemon Server] - 2024-06-12T20:54:35.145Z - Time taken for 'hash changed files from watcher' 0.8089169999984733ms
[NX Daemon Server] - 2024-06-12T20:54:35.213Z - [WATCHER]: 1 file(s) created or restored, 1 file(s) modified, 1 file(s) deleted
[NX Daemon Server] - 2024-06-12T20:54:35.316Z - [REQUEST]: Updated file-hasher based on watched changes, recomputing project graph...
[NX Daemon Server] - 2024-06-12T20:54:35.324Z - Time taken for 'hash changed files from watcher' 0.3834169999972801ms
[NX Daemon Server] - 2024-06-12T20:54:35.397Z - [WATCHER]: 1 file(s) created or restored, 1 file(s) modified, 1 file(s) deleted
[NX Daemon Server] - 2024-06-12T20:54:35.506Z - [REQUEST]: Updated file-hasher based on watched changes, recomputing project graph...
[NX Daemon Server] - 2024-06-12T20:54:35.535Z - Time taken for 'hash changed files from watcher' 0.5460840000014286ms
[NX Daemon Server] - 2024-06-12T20:54:35.622Z - [WATCHER]: 1 file(s) created or restored, 1 file(s) modified, 1 file(s) deleted
[NX Daemon Server] - 2024-06-12T20:54:35.750Z - [REQUEST]: Updated file-hasher based on watched changes, recomputing project graph...
[NX Daemon Server] - 2024-06-12T20:54:35.768Z - Time taken for 'hash changed files from watcher' 0.5087920000005397ms
[NX Daemon Server] - 2024-06-12T20:54:35.838Z - [WATCHER]: 1 file(s) created or restored, 1 file(s) modified, 1 file(s) deleted
[NX Daemon Server] - 2024-06-12T20:54:35.943Z - [REQUEST]: Updated file-hasher based on watched changes, recomputing project graph...
[NX Daemon Server] - 2024-06-12T20:54:35.952Z - Time taken for 'hash changed files from watcher' 0.7597920000007434ms
[NX Daemon Server] - 2024-06-12T20:54:36.024Z - [WATCHER]: 1 file(s) created or restored, 1 file(s) modified, 1 file(s) deleted
[NX Daemon Server] - 2024-06-12T20:54:36.129Z - [REQUEST]: Updated file-hasher based on watched changes, recomputing project graph...
[NX Daemon Server] - 2024-06-12T20:54:36.145Z - Time taken for 'hash changed files from watcher' 0.8522499999999127ms
[NX Daemon Server] - 2024-06-12T20:54:36.210Z - [WATCHER]: 1 file(s) created or restored, 1 file(s) modified, 1 file(s) deleted
[NX Daemon Server] - 2024-06-12T20:54:36.314Z - [REQUEST]: Updated file-hasher based on watched changes, recomputing project graph...
[NX Daemon Server] - 2024-06-12T20:54:36.329Z - Time taken for 'hash changed files from watcher' 0.42687499999738066ms
[NX Daemon Server] - 2024-06-12T20:54:36.394Z - [WATCHER]: 1 file(s) created or restored, 1 file(s) modified, 1 file(s) deleted
[NX Daemon Server] - 2024-06-12T20:54:36.498Z - [REQUEST]: Updated file-hasher based on watched changes, recomputing project graph...
[NX Daemon Server] - 2024-06-12T20:54:36.526Z - [WATCHER]: 1 file(s) created or restored, 1 file(s) modified, 0 file(s) deleted
[NX Daemon Server] - 2024-06-12T20:54:36.527Z - Time taken for 'hash changed files from watcher' 0.6239590000004682ms
[NX Daemon Server] - 2024-06-12T20:54:36.632Z - [WATCHER]: 1 file(s) created or restored, 0 file(s) modified, 1 file(s) deleted
[NX Daemon Server] - 2024-06-12T20:54:36.801Z - [REQUEST]: Updated file-hasher based on watched changes, recomputing project graph...
[NX Daemon Server] - 2024-06-12T20:54:36.878Z - Time taken for 'hash changed files from watcher' 5.462625000000116ms
[NX Daemon Server] - 2024-06-12T20:54:36.955Z - [WATCHER]: 1 file(s) created or restored, 1 file(s) modified, 1 file(s) deleted
[NX Daemon Server] - 2024-06-12T20:54:37.058Z - [REQUEST]: Updated file-hasher based on watched changes, recomputing project graph...
[NX Daemon Server] - 2024-06-12T20:54:37.067Z - Time taken for 'hash changed files from watcher' 0.42237500000192085ms
[NX Daemon Server] - 2024-06-12T20:54:37.140Z - [WATCHER]: 1 file(s) created or restored, 1 file(s) modified, 1 file(s) deleted
[NX Daemon Server] - 2024-06-12T20:54:37.243Z - [REQUEST]: Updated file-hasher based on watched changes, recomputing project graph...
[NX Daemon Server] - 2024-06-12T20:54:37.252Z - Time taken for 'hash changed files from watcher' 0.3986670000012964ms
[NX Daemon Server] - 2024-06-12T20:54:37.324Z - [WATCHER]: 1 file(s) created or restored, 1 file(s) modified, 1 file(s) deleted
[NX Daemon Server] - 2024-06-12T20:54:37.429Z - [REQUEST]: Updated file-hasher based on watched changes, recomputing project graph...
[NX Daemon Server] - 2024-06-12T20:54:37.445Z - Time taken for 'hash changed files from watcher' 0.7308330000014394ms
[NX Daemon Server] - 2024-06-12T20:54:37.516Z - [WATCHER]: 1 file(s) created or restored, 1 file(s) modified, 1 file(s) deleted
[NX Daemon Server] - 2024-06-12T20:54:37.623Z - [REQUEST]: Updated file-hasher based on watched changes, recomputing project graph...
[NX Daemon Server] - 2024-06-12T20:54:37.642Z - Time taken for 'hash changed files from watcher' 0.6647909999992407ms
[NX Daemon Server] - 2024-06-12T20:54:37.718Z - [WATCHER]: 1 file(s) created or restored, 1 file(s) modified, 1 file(s) deleted
[NX Daemon Server] - 2024-06-12T20:54:37.824Z - [REQUEST]: Updated file-hasher based on watched changes, recomputing project graph...
[NX Daemon Server] - 2024-06-12T20:54:37.846Z - Time taken for 'hash changed files from watcher' 0.7335840000014286ms
[NX Daemon Server] - 2024-06-12T20:54:37.909Z - [WATCHER]: 1 file(s) created or restored, 1 file(s) modified, 1 file(s) deleted
[NX Daemon Server] - 2024-06-12T20:54:38.017Z - [REQUEST]: Updated file-hasher based on watched changes, recomputing project graph...
[NX Daemon Server] - 2024-06-12T20:54:38.041Z - Time taken for 'hash changed files from watcher' 0.7269589999996242ms
[NX Daemon Server] - 2024-06-12T20:54:38.104Z - [WATCHER]: 1 file(s) created or restored, 1 file(s) modified, 1 file(s) deleted
[NX Daemon Server] - 2024-06-12T20:54:38.214Z - [REQUEST]: Updated file-hasher based on watched changes, recomputing project graph...
[NX Daemon Server] - 2024-06-12T20:54:38.236Z - Time taken for 'hash changed files from watcher' 1.0168750000011642ms
[NX Daemon Server] - 2024-06-12T20:54:38.303Z - [WATCHER]: 1 file(s) created or restored, 1 file(s) modified, 1 file(s) deleted
[NX Daemon Server] - 2024-06-12T20:54:38.408Z - [REQUEST]: Updated file-hasher based on watched changes, recomputing project graph...
[NX Daemon Server] - 2024-06-12T20:54:38.432Z - Time taken for 'hash changed files from watcher' 0.6788750000014261ms
[NX Daemon Server] - 2024-06-12T20:54:38.540Z - [WATCHER]: 1 file(s) created or restored, 1 file(s) modified, 1 file(s) deleted
[NX Daemon Server] - 2024-06-12T20:54:38.650Z - [REQUEST]: Updated file-hasher based on watched changes, recomputing project graph...
[NX Daemon Server] - 2024-06-12T20:54:38.675Z - Time taken for 'hash changed files from watcher' 1.7567090000011376ms
[NX Daemon Server] - 2024-06-12T20:54:38.748Z - [WATCHER]: 1 file(s) created or restored, 1 file(s) modified, 1 file(s) deleted
[NX Daemon Server] - 2024-06-12T20:54:38.858Z - [REQUEST]: Updated file-hasher based on watched changes, recomputing project graph...
[NX Daemon Server] - 2024-06-12T20:54:38.890Z - Time taken for 'hash changed files from watcher' 1.2341659999983676ms
[NX Daemon Server] - 2024-06-12T20:54:38.956Z - [WATCHER]: 1 file(s) created or restored, 1 file(s) modified, 1 file(s) deleted
[NX Daemon Server] - 2024-06-12T20:54:39.061Z - [REQUEST]: Updated file-hasher based on watched changes, recomputing project graph...
[NX Daemon Server] - 2024-06-12T20:54:39.076Z - Time taken for 'hash changed files from watcher' 0.7038749999992433ms
[NX Daemon Server] - 2024-06-12T20:54:39.146Z - [WATCHER]: 1 file(s) created or restored, 1 file(s) modified, 1 file(s) deleted
[NX Daemon Server] - 2024-06-12T20:54:39.257Z - [REQUEST]: Updated file-hasher based on watched changes, recomputing project graph...
[NX Daemon Server] - 2024-06-12T20:54:39.283Z - Time taken for 'hash changed files from watcher' 1.1177090000019234ms
[NX Daemon Server] - 2024-06-12T20:54:39.359Z - [WATCHER]: 1 file(s) created or restored, 1 file(s) modified, 1 file(s) deleted
[NX Daemon Server] - 2024-06-12T20:54:39.467Z - [REQUEST]: Updated file-hasher based on watched changes, recomputing project graph...
[NX Daemon Server] - 2024-06-12T20:54:39.483Z - Time taken for 'hash changed files from watcher' 1.1714169999977457ms
[NX Daemon Server] - 2024-06-12T20:54:39.553Z - [WATCHER]: 1 file(s) created or restored, 1 file(s) modified, 1 file(s) deleted
[NX Daemon Server] - 2024-06-12T20:54:39.662Z - [REQUEST]: Updated file-hasher based on watched changes, recomputing project graph...
[NX Daemon Server] - 2024-06-12T20:54:39.686Z - Time taken for 'hash changed files from watcher' 1.3366249999999127ms
[NX Daemon Server] - 2024-06-12T20:54:39.755Z - [WATCHER]: 1 file(s) created or restored, 1 file(s) modified, 1 file(s) deleted
[NX Daemon Server] - 2024-06-12T20:54:39.866Z - [REQUEST]: Updated file-hasher based on watched changes, recomputing project graph...
[NX Daemon Server] - 2024-06-12T20:54:39.893Z - Time taken for 'hash changed files from watcher' 1.652750000001106ms
[NX Daemon Server] - 2024-06-12T20:54:39.956Z - [WATCHER]: 1 file(s) created or restored, 1 file(s) modified, 1 file(s) deleted
[NX Daemon Server] - 2024-06-12T20:54:40.066Z - [REQUEST]: Updated file-hasher based on watched changes, recomputing project graph...
[NX Daemon Server] - 2024-06-12T20:54:40.089Z - Time taken for 'hash changed files from watcher' 0.9131669999987935ms
[NX Daemon Server] - 2024-06-12T20:54:40.153Z - [WATCHER]: 1 file(s) created or restored, 1 file(s) modified, 1 file(s) deleted
[NX Daemon Server] - 2024-06-12T20:54:40.262Z - [REQUEST]: Updated file-hasher based on watched changes, recomputing project graph...
[NX Daemon Server] - 2024-06-12T20:54:40.284Z - Time taken for 'hash changed files from watcher' 1.8653329999979178ms
[NX Daemon Server] - 2024-06-12T20:54:40.353Z - [WATCHER]: 1 file(s) created or restored, 1 file(s) modified, 1 file(s) deleted
[NX Daemon Server] - 2024-06-12T20:54:40.464Z - [REQUEST]: Updated file-hasher based on watched changes, recomputing project graph...
[NX Daemon Server] - 2024-06-12T20:54:40.493Z - Time taken for 'hash changed files from watcher' 2.482791999998881ms
[NX Daemon Server] - 2024-06-12T20:54:40.558Z - [WATCHER]: 1 file(s) created or restored, 1 file(s) modified, 1 file(s) deleted
[NX Daemon Server] - 2024-06-12T20:54:40.669Z - [REQUEST]: Updated file-hasher based on watched changes, recomputing project graph...
[NX Daemon Server] - 2024-06-12T20:54:40.767Z - Time taken for 'hash changed files from watcher' 1.1425419999977748ms
[NX Daemon Server] - 2024-06-12T20:54:40.840Z - [WATCHER]: 1 file(s) created or restored, 1 file(s) modified, 1 file(s) deleted
[NX Daemon Server] - 2024-06-12T20:54:40.955Z - [REQUEST]: Updated file-hasher based on watched changes, recomputing project graph...
[NX Daemon Server] - 2024-06-12T20:54:40.974Z - Time taken for 'hash changed files from watcher' 1.3638329999994312ms
[NX Daemon Server] - 2024-06-12T20:54:41.040Z - [WATCHER]: 1 file(s) created or restored, 1 file(s) modified, 1 file(s) deleted
[NX Daemon Server] - 2024-06-12T20:54:41.149Z - [REQUEST]: Updated file-hasher based on watched changes, recomputing project graph...
[NX Daemon Server] - 2024-06-12T20:54:41.167Z - Time taken for 'hash changed files from watcher' 0.7522080000017013ms
[NX Daemon Server] - 2024-06-12T20:54:41.231Z - [WATCHER]: 1 file(s) created or restored, 1 file(s) modified, 0 file(s) deleted
[NX Daemon Server] - 2024-06-12T20:54:41.238Z - Closed a connection. Number of open connections: 0
[NX Daemon Server] - 2024-06-12T20:54:41.336Z - [REQUEST]: Updated file-hasher based on watched changes, recomputing project graph...
[NX Daemon Server] - 2024-06-12T20:54:41.354Z - Time taken for 'hash changed files from watcher' 0.5002080000012938ms
[NX Daemon Server] - 2024-06-12T20:54:41.429Z - [WATCHER]: 1 file(s) created or restored, 2 file(s) modified, 0 file(s) deleted
[NX Daemon Server] - 2024-06-12T20:54:41.533Z - [REQUEST]: Updated file-hasher based on watched changes, recomputing project graph...
[NX Daemon Server] - 2024-06-12T20:54:41.543Z - Time taken for 'hash changed files from watcher' 0.6337920000005397ms
[NX Daemon Server] - 2024-06-12T20:54:41.617Z - [WATCHER]: 1 file(s) created or restored, 1 file(s) modified, 1 file(s) deleted
[NX Daemon Server] - 2024-06-12T20:54:41.732Z - [REQUEST]: Updated file-hasher based on watched changes, recomputing project graph...
[NX Daemon Server] - 2024-06-12T20:54:41.751Z - Time taken for 'hash changed files from watcher' 6.040291999997862ms
[NX Daemon Server] - 2024-06-12T20:54:41.820Z - [WATCHER]: 1 file(s) created or restored, 1 file(s) modified, 1 file(s) deleted
[NX Daemon Server] - 2024-06-12T20:54:41.924Z - [REQUEST]: Updated file-hasher based on watched changes, recomputing project graph...
[NX Daemon Server] - 2024-06-12T20:54:41.934Z - Time taken for 'hash changed files from watcher' 0.5964579999999842ms
[NX Daemon Server] - 2024-06-12T20:54:42.007Z - [WATCHER]: 1 file(s) created or restored, 1 file(s) modified, 1 file(s) deleted
[NX Daemon Server] - 2024-06-12T20:54:42.116Z - [REQUEST]: Updated file-hasher based on watched changes, recomputing project graph...
[NX Daemon Server] - 2024-06-12T20:54:42.140Z - Time taken for 'hash changed files from watcher' 1.0340419999993173ms
[NX Daemon Server] - 2024-06-12T20:54:42.208Z - [WATCHER]: 1 file(s) created or restored, 1 file(s) modified, 1 file(s) deleted
[NX Daemon Server] - 2024-06-12T20:54:42.315Z - [REQUEST]: Updated file-hasher based on watched changes, recomputing project graph...
[NX Daemon Server] - 2024-06-12T20:54:42.339Z - Time taken for 'hash changed files from watcher' 1.1421660000014526ms
[NX Daemon Server] - 2024-06-12T20:54:42.402Z - [WATCHER]: 1 file(s) created or restored, 1 file(s) modified, 1 file(s) deleted
[NX Daemon Server] - 2024-06-12T20:54:42.511Z - [REQUEST]: Updated file-hasher based on watched changes, recomputing project graph...
[NX Daemon Server] - 2024-06-12T20:54:42.533Z - Time taken for 'hash changed files from watcher' 1.29829200000313ms
[NX Daemon Server] - 2024-06-12T20:54:42.599Z - [WATCHER]: 1 file(s) created or restored, 1 file(s) modified, 1 file(s) deleted
[NX Daemon Server] - 2024-06-12T20:54:42.706Z - [REQUEST]: Updated file-hasher based on watched changes, recomputing project graph...
[NX Daemon Server] - 2024-06-12T20:54:42.729Z - Time taken for 'hash changed files from watcher' 0.7928329999995185ms
[NX Daemon Server] - 2024-06-12T20:54:42.795Z - [WATCHER]: 1 file(s) created or restored, 1 file(s) modified, 1 file(s) deleted
[NX Daemon Server] - 2024-06-12T20:54:42.902Z - [REQUEST]: Updated file-hasher based on watched changes, recomputing project graph...
[NX Daemon Server] - 2024-06-12T20:54:42.928Z - Time taken for 'hash changed files from watcher' 0.968165999998746ms
[NX Daemon Server] - 2024-06-12T20:54:42.998Z - [WATCHER]: 1 file(s) created or restored, 1 file(s) modified, 0 file(s) deleted
[NX Daemon Server] - 2024-06-12T20:54:43.105Z - [REQUEST]: Updated file-hasher based on watched changes, recomputing project graph...
[NX Daemon Server] - 2024-06-12T20:54:43.159Z - Time taken for 'hash changed files from watcher' 0.7645830000001297ms
[NX Daemon Server] - 2024-06-12T20:54:43.218Z - [WATCHER]: 1 file(s) created or restored, 1 file(s) modified, 1 file(s) deleted
[NX Daemon Server] - 2024-06-12T20:54:43.330Z - [REQUEST]: Updated file-hasher based on watched changes, recomputing project graph...
[NX Daemon Server] - 2024-06-12T20:54:43.352Z - Time taken for 'hash changed files from watcher' 1.227999999999156ms
[NX Daemon Server] - 2024-06-12T20:54:43.416Z - [WATCHER]: 1 file(s) created or restored, 1 file(s) modified, 1 file(s) deleted
